\BOOKMARK [1][-]{section.1}{Combinatorial optimization}{}% 1
\BOOKMARK [2][-]{subsection.1.1}{Dinitz's Algorithm}{section.1}% 2
\BOOKMARK [2][-]{subsection.1.2}{Min-cost Max-flow}{section.1}% 3
\BOOKMARK [2][-]{subsection.1.3}{Min-cost Matching}{section.1}% 4
\BOOKMARK [2][-]{subsection.1.4}{Max bipartite Matching}{section.1}% 5
\BOOKMARK [2][-]{subsection.1.5}{Global Min-cut}{section.1}% 6
\BOOKMARK [1][-]{section.2}{Geometry}{}% 7
\BOOKMARK [2][-]{subsection.2.1}{Convex Hull}{section.2}% 8
\BOOKMARK [2][-]{subsection.2.2}{Graham Scan}{section.2}% 9
\BOOKMARK [2][-]{subsection.2.3}{Intersecting Line Segments}{section.2}% 10
\BOOKMARK [2][-]{subsection.2.4}{Miscellaneous Geometry}{section.2}% 11
\BOOKMARK [1][-]{section.3}{Numerical algorithms}{}% 12
\BOOKMARK [2][-]{subsection.3.1}{Arbitrary Precision Arithmetic}{section.3}% 13
\BOOKMARK [2][-]{subsection.3.2}{Number Theory \(modular, Chinese remainder, Linear Diophantine\)}{section.3}% 14
\BOOKMARK [2][-]{subsection.3.3}{Systems of linear equations, Matrix Inverse, Determinant}{section.3}% 15
\BOOKMARK [2][-]{subsection.3.4}{Reduced row echelon form, Matrix rank}{section.3}% 16
\BOOKMARK [2][-]{subsection.3.5}{Fast Fourier Transform}{section.3}% 17
\BOOKMARK [2][-]{subsection.3.6}{Simplex Algorithm}{section.3}% 18
\BOOKMARK [1][-]{section.4}{Graph algorithms}{}% 19
\BOOKMARK [2][-]{subsection.4.1}{Bellman-Ford shortest paths with negative edge weights \(C++\)}{section.4}% 20
\BOOKMARK [2][-]{subsection.4.2}{Floyd Warshall}{section.4}% 21
\BOOKMARK [2][-]{subsection.4.3}{Eulerian Path}{section.4}% 22
\BOOKMARK [2][-]{subsection.4.4}{Minimum Spanning Trees}{section.4}% 23
\BOOKMARK [2][-]{subsection.4.5}{Tarjan's Algorithm}{section.4}% 24
\BOOKMARK [1][-]{section.5}{Data structures}{}% 25
\BOOKMARK [2][-]{subsection.5.1}{Adelson-Valskii Landis Tree}{section.5}% 26
\BOOKMARK [1][-]{section.6}{Strings}{}% 27
\BOOKMARK [2][-]{subsection.6.1}{Knuth-Morris-Pratt}{section.6}% 28
\BOOKMARK [2][-]{subsection.6.2}{Suffix Array}{section.6}% 29
\BOOKMARK [2][-]{subsection.6.3}{Suffix Array - DC3 Algorithm}{section.6}% 30
\BOOKMARK [2][-]{subsection.6.4}{Manacher's Algorithm}{section.6}% 31
\BOOKMARK [2][-]{subsection.6.5}{Z Algorithm}{section.6}% 32
